[UNCAUGHT] PDOException: SQLSTATE[HY000] [1049] Unknown database 'fullcare' in /Applications/AMPPS/www/FullConex/export_capeante_pdf.php:71
#0 /Applications/AMPPS/www/FullConex/export_capeante_pdf.php(71): PDO->__construct('mysql:host=loca...', 'root', Object(SensitiveParameterValue), Array)
#1 {main}
[UNCAUGHT] PDOException: SQLSTATE[HY000] [1049] Unknown database 'fullcare' in /Applications/AMPPS/www/FullConex/export_capeante_pdf.php:71
#0 /Applications/AMPPS/www/FullConex/export_capeante_pdf.php(71): PDO->__construct('mysql:host=loca...', 'root', Object(SensitiveParameterValue), Array)
#1 {main}
[UNCAUGHT] PDOException: SQLSTATE[HY000] [1049] Unknown database 'fullconex' in /Applications/AMPPS/www/FullConex/export_capeante_rah_pdf.php:77
#0 /Applications/AMPPS/www/FullConex/export_capeante_rah_pdf.php(77): PDO->__construct('mysql:host=loca...', 'root', Object(SensitiveParameterValue), Array)
#1 {main}
[UNCAUGHT] PDOException: SQLSTATE[HY000] [1049] Unknown database 'fullconex' in /Applications/AMPPS/www/FullConex/export_capeante_rah_pdf.php:77
#0 /Applications/AMPPS/www/FullConex/export_capeante_rah_pdf.php(77): PDO->__construct('mysql:host=loca...', 'root', Object(SensitiveParameterValue), Array)
#1 {main}
[UNCAUGHT] TypeError: safe(): Argument #1 ($s) must be of type ?string, int given, called in /Applications/AMPPS/www/FullConex/export_capeante_rah_pdf.php on line 447 in /Applications/AMPPS/www/FullConex/export_capeante_rah_pdf.php:101
#0 /Applications/AMPPS/www/FullConex/export_capeante_rah_pdf.php(447): safe(5)
#1 {main}
[UNCAUGHT] TypeError: safe(): Argument #1 ($s) must be of type ?string, int given, called in /Applications/AMPPS/www/FullConex/export_capeante_rah_pdf.php on line 447 in /Applications/AMPPS/www/FullConex/export_capeante_rah_pdf.php:101
#0 /Applications/AMPPS/www/FullConex/export_capeante_rah_pdf.php(447): safe(5)
#1 {main}
[UNCAUGHT] PDOException: SQLSTATE[42S22]: Column not found: 1054 Unknown column 'i.data_alta_int' in 'SELECT' in /Applications/AMPPS/www/FullConex/export_capeante_rah_pdf.php:229
#0 /Applications/AMPPS/www/FullConex/export_capeante_rah_pdf.php(229): PDO->prepare('\nSELECT\n  c.*,\n...')
#1 {main}
[UNCAUGHT] PDOException: SQLSTATE[42S22]: Column not found: 1054 Unknown column 'i.data_alta_int' in 'SELECT' in /Applications/AMPPS/www/FullConex/export_capeante_rah_pdf.php:229
#0 /Applications/AMPPS/www/FullConex/export_capeante_rah_pdf.php(229): PDO->prepare('\nSELECT\n  c.*,\n...')
#1 {main}
[UNCAUGHT] PDOException: SQLSTATE[42S22]: Column not found: 1054 Unknown column 'i.data_alta_int' in 'SELECT' in /Applications/AMPPS/www/FullConex/export_capeante_rah_pdf.php:229
#0 /Applications/AMPPS/www/FullConex/export_capeante_rah_pdf.php(229): PDO->prepare('\nSELECT\n  c.*,\n...')
#1 {main}
[UNCAUGHT] PDOException: SQLSTATE[42S22]: Column not found: 1054 Unknown column 'i.data_alta_int' in 'SELECT' in /Applications/AMPPS/www/FullConex/export_capeante_rah_pdf.php:229
#0 /Applications/AMPPS/www/FullConex/export_capeante_rah_pdf.php(229): PDO->prepare('\nSELECT\n  c.*,\n...')
#1 {main}
[UNCAUGHT] TypeError: preg_match(): Argument #2 ($subject) must be of type string, int given in /Applications/AMPPS/www/FullConex/export_capeante_rah_pdf.php:253
#0 /Applications/AMPPS/www/FullConex/export_capeante_rah_pdf.php(253): preg_match('/_(cobrado|glos...', 0)
#1 {main}[UNCAUGHT] TypeError: preg_match(): Argument #2 ($subject) must be of type string, int given in /Applications/AMPPS/www/FullConex/export_capeante_rah_pdf.php:257
#0 /Applications/AMPPS/www/FullConex/export_capeante_rah_pdf.php(257): preg_match('/_(cobrado|glos...', 0)
#1 {main}

[UNCAUGHT] PDOException: SQLSTATE[42000]: Syntax error or access violation: 1064 You have an error in your SQL syntax; check the manual that corresponds to your MariaDB server version for the right syntax to use near 'COALESCE(al.data_alta_alt, c.data_final_capeante) AS data_alta_int,
  
SELECT...' at line 1 in /Applications/AMPPS/www/FullConex/export_capeante_rah_pdf.php:243
#0 /Applications/AMPPS/www/FullConex/export_capeante_rah_pdf.php(243): PDO->prepare('\nCOALESCE(al.da...')
#1 {main}
[UNCAUGHT] TypeError: preg_match(): Argument #2 ($subject) must be of type string, int given in /Applications/AMPPS/www/FullConex/export_capeante_rah_pdf.php:257
#0 /Applications/AMPPS/www/FullConex/export_capeante_rah_pdf.php(257): preg_match('/_(cobrado|glos...', 0)
#1 {main}
[UNCAUGHT] TypeError: preg_match(): Argument #2 ($subject) must be of type string, int given in /Applications/AMPPS/www/FullConex/export_capeante_rah_pdf.php:242
#0 /Applications/AMPPS/www/FullConex/export_capeante_rah_pdf.php(242): preg_match('/_(cobrado|glos...', 0)
#1 {main}
[UNCAUGHT] TypeError: preg_match(): Argument #2 ($subject) must be of type string, int given in /Applications/AMPPS/www/FullConex/export_capeante_rah_pdf.php:242
#0 /Applications/AMPPS/www/FullConex/export_capeante_rah_pdf.php(242): preg_match('/_(cobrado|glos...', 0)
#1 {main}
[UNCAUGHT] TypeError: preg_match(): Argument #2 ($subject) must be of type string, int given in /Applications/AMPPS/www/FullConex/export_capeante_rah_pdf.php:257
#0 /Applications/AMPPS/www/FullConex/export_capeante_rah_pdf.php(257): preg_match('/_(cobrado|glos...', 0)
#1 {main}
<<<<<<< Updated upstream
[PHP ERROR][2] require_once(D:\xampp\htdocs\FullConex\tcpdf_min/tcpdf_autoconfig.php): Failed to open stream: No such file or directory in D:\xampp\htdocs\FullConex\tcpdf_min\tcpdf.php:111
[UNCAUGHT] ErrorException: require_once(D:\xampp\htdocs\FullConex\tcpdf_min/tcpdf_autoconfig.php): Failed to open stream: No such file or directory in D:\xampp\htdocs\FullConex\tcpdf_min\tcpdf.php:111
#0 D:\xampp\htdocs\FullConex\tcpdf_min\tcpdf.php(111): {closure}(2, 'require_once(D:...', 'D:\\xampp\\htdocs...', 111)
#1 D:\xampp\htdocs\FullConex\tcpdf_min\tcpdf.php(111): require_once()
#2 D:\xampp\htdocs\FullConex\export_capeante_rah_pdf.php(133): require_once('D:\\xampp\\htdocs...')
#3 D:\xampp\htdocs\FullConex\export_capeante_rah_pdf.php(229): require_tcpdf_or_throw()
#4 {main}
[PHP ERROR][2] require_once(D:\xampp\htdocs\FullConex\tcpdf_min/tcpdf_autoconfig.php): Failed to open stream: No such file or directory in D:\xampp\htdocs\FullConex\tcpdf_min\tcpdf.php:111
[PHP ERROR][2] require_once(D:\xampp\htdocs\FullConex\tcpdf_min/tcpdf_autoconfig.php): Failed to open stream: No such file or directory in D:\xampp\htdocs\FullConex\tcpdf_min\tcpdf.php:111
[UNCAUGHT] ErrorException: require_once(D:\xampp\htdocs\FullConex\tcpdf_min/tcpdf_autoconfig.php): Failed to open stream: No such file or directory in D:\xampp\htdocs\FullConex\tcpdf_min\tcpdf.php:111
#0 D:\xampp\htdocs\FullConex\tcpdf_min\tcpdf.php(111): {closure}(2, 'require_once(D:...', 'D:\\xampp\\htdocs...', 111)
#1 D:\xampp\htdocs\FullConex\tcpdf_min\tcpdf.php(111): require_once()
#2 D:\xampp\htdocs\FullConex\export_capeante_rah_pdf.php(133): require_once('D:\\xampp\\htdocs...')
#3 D:\xampp\htdocs\FullConex\export_capeante_rah_pdf.php(463): require_tcpdf_or_throw()
#4 {main}
[PHP ERROR][2] require_once(D:\xampp\htdocs\FullConex\tcpdf_min/tcpdf_autoconfig.php): Failed to open stream: No such file or directory in D:\xampp\htdocs\FullConex\tcpdf_min\tcpdf.php:111
[UNCAUGHT] ErrorException: require_once(D:\xampp\htdocs\FullConex\tcpdf_min/tcpdf_autoconfig.php): Failed to open stream: No such file or directory in D:\xampp\htdocs\FullConex\tcpdf_min\tcpdf.php:111
#0 D:\xampp\htdocs\FullConex\tcpdf_min\tcpdf.php(111): {closure}(2, 'require_once(D:...', 'D:\\xampp\\htdocs...', 111)
#1 D:\xampp\htdocs\FullConex\tcpdf_min\tcpdf.php(111): require_once()
#2 D:\xampp\htdocs\FullConex\export_capeante_rah_pdf.php(119): require_once('D:\\xampp\\htdocs...')
#3 D:\xampp\htdocs\FullConex\export_capeante_rah_pdf.php(399): require_tcpdf_or_throw()
#4 {main}
=======
[UNCAUGHT] TypeError: renderGroupTable(): Argument #11 ($pad) must be of type string, int given, called in /Applications/AMPPS/www/FullConex/export_capeante_rah_pdf.php on line 521 in /Applications/AMPPS/www/FullConex/export_capeante_rah_pdf.php:453
#0 /Applications/AMPPS/www/FullConex/export_capeante_rah_pdf.php(521): renderGroupTable(Object(PDFCapeanteRAH), 'DI\xC3\x81RIAS', Array, false, 8, '0.7px', '0.7px', '#666', '#9e9e9e', '3px', 4)
#1 {main}
[PHP ERROR][2] Undefined variable $HEADLINE_W in /Applications/AMPPS/www/FullConex/export_capeante_rah_pdf.php:396
[UNCAUGHT] ErrorException: Undefined variable $HEADLINE_W in /Applications/AMPPS/www/FullConex/export_capeante_rah_pdf.php:396
#0 /Applications/AMPPS/www/FullConex/export_capeante_rah_pdf.php(396): {closure}(2, 'Undefined varia...', '/Applications/A...', 396)
#1 {main}
[PHP ERROR][2] Undefined variable $HEADLINE_W in /Applications/AMPPS/www/FullConex/export_capeante_rah_pdf.php:396
[UNCAUGHT] ErrorException: Undefined variable $HEADLINE_W in /Applications/AMPPS/www/FullConex/export_capeante_rah_pdf.php:396
#0 /Applications/AMPPS/www/FullConex/export_capeante_rah_pdf.php(396): {closure}(2, 'Undefined varia...', '/Applications/A...', 396)
#1 {main}
[UNCAUGHT] PDOException: SQLSTATE[42S22]: Column not found: 1054 Unknown column 'c.auditor_medico' in 'SELECT' in /Applications/AMPPS/www/FullConex/export_capeante_rah_pdf.php:222
#0 /Applications/AMPPS/www/FullConex/export_capeante_rah_pdf.php(222): PDO->prepare('\nSELECT\n  c.*,\n...')
#1 {main}
>>>>>>> Stashed changes
[UNCAUGHT] PDOException: SQLSTATE[42S02]: Base table or view not found: 1146 Table 'u650318666_mydb_accert_ho.usuarios' doesn't exist in /Applications/AMPPS/www/FullConex/export_capeante_rah_pdf.php:729
#0 /Applications/AMPPS/www/FullConex/export_capeante_rah_pdf.php(729): PDO->prepare('SELECT usuario_...')
#1 /Applications/AMPPS/www/FullConex/export_capeante_rah_pdf.php(756): resolveAuditorNome(Array, Array, Array, NULL, Object(PDO))
#2 {main}
[UNCAUGHT] PDOException: SQLSTATE[42S02]: Base table or view not found: 1146 Table 'u650318666_mydb_accert_ho.usuarios' doesn't exist in /Applications/AMPPS/www/FullConex/export_capeante_rah_pdf.php:729
#0 /Applications/AMPPS/www/FullConex/export_capeante_rah_pdf.php(729): PDO->prepare('SELECT usuario_...')
#1 /Applications/AMPPS/www/FullConex/export_capeante_rah_pdf.php(756): resolveAuditorNome(Array, Array, Array, NULL, Object(PDO))
#2 {main}
